2001.05.28 19:35 B c:\nws_web_modules\hydromet_assessment_module\navigation\button1.swf <-- RTi /home/httpd/html/clientpages/nws/hydromet/navigation button1.swf
2001.05.28 19:35 B c:\nws_web_modules\hydromet_assessment_module\navigation\left_nav_frame.htm <-- RTi /home/httpd/html/clientpages/nws/hydromet/navigation left_nav_frame.htm
2001.05.28 19:35 B c:\nws_web_modules\hydromet_assessment_module\navigation\text17.swf <-- RTi /home/httpd/html/clientpages/nws/hydromet/navigation text17.swf
2001.05.28 19:35 B c:\nws_web_modules\hydromet_assessment_module\navigation\text18.swf <-- RTi /home/httpd/html/clientpages/nws/hydromet/navigation text18.swf
2001.05.28 19:35 B c:\nws_web_modules\hydromet_assessment_module\navigation\text19.swf <-- RTi /home/httpd/html/clientpages/nws/hydromet/navigation text19.swf
2001.05.28 19:35 B c:\nws_web_modules\hydromet_assessment_module\navigation\top_frame.htm <-- RTi /home/httpd/html/clientpages/nws/hydromet/navigation top_frame.htm
2001.05.28 19:35 B c:\nws_web_modules\hydromet_assessment_module\navigation\usage.htm <-- RTi /home/httpd/html/clientpages/nws/hydromet/navigation usage.htm
2001.05.28 19:35 B c:\nws_web_modules\hydromet_assessment_module\navigation\welcome.htm <-- RTi /home/httpd/html/clientpages/nws/hydromet/navigation welcome.htm
2001.05.28 19:35 B c:\nws_web_modules\hydromet_assessment_module\navigation\welcome_frameset.htm <-- RTi /home/httpd/html/clientpages/nws/hydromet/navigation welcome_frameset.htm
2001.06.01 14:37 B c:\nws_web_modules\hydromet_assessment_module\navigation\left_nav_frame.htm --> shenandoah.riverside.com /home/httpd/html/clientpages/nws/hydromet/navigation left_nav_frame.htm
2001.06.01 14:37 B c:\nws_web_modules\hydromet_assessment_module\navigation\usage.htm --> shenandoah.riverside.com /home/httpd/html/clientpages/nws/hydromet/navigation usage.htm
2001.06.01 14:37 B c:\nws_web_modules\hydromet_assessment_module\navigation\welcome.htm --> shenandoah.riverside.com /home/httpd/html/clientpages/nws/hydromet/navigation welcome.htm
2001.06.01 14:37 B c:\nws_web_modules\hydromet_assessment_module\navigation\WS_FTP.LOG --> shenandoah.riverside.com /home/httpd/html/clientpages/nws/hydromet/navigation WS_FTP.LOG
2001.07.14 12:20 B c:\nws_web_modules\hydromet_assessment_module\navigation\left_nav_frame.htm --> shenandoah.riverside.com /home/httpd/html/clientpages/nws/hydromet/navigation left_nav_frame.htm
2001.07.14 12:20 B c:\nws_web_modules\hydromet_assessment_module\navigation\top_frame.htm --> shenandoah.riverside.com /home/httpd/html/clientpages/nws/hydromet/navigation top_frame.htm
2001.10.15 02:58 B c:\nws_web_modules\hydromet_module\navigation\BUTTON1.SWF --> shenandoah.riverside.com /home/httpd/html/clientpages/nws/hydromet/navigation BUTTON1.SWF
2001.10.15 02:58 B c:\nws_web_modules\hydromet_module\navigation\left_nav_frame.htm --> shenandoah.riverside.com /home/httpd/html/clientpages/nws/hydromet/navigation left_nav_frame.htm
2001.10.15 02:58 B c:\nws_web_modules\hydromet_module\navigation\TEXT17.SWF --> shenandoah.riverside.com /home/httpd/html/clientpages/nws/hydromet/navigation TEXT17.SWF
2001.10.15 02:58 B c:\nws_web_modules\hydromet_module\navigation\TEXT18.SWF --> shenandoah.riverside.com /home/httpd/html/clientpages/nws/hydromet/navigation TEXT18.SWF
2001.10.15 02:58 B c:\nws_web_modules\hydromet_module\navigation\TEXT19.SWF --> shenandoah.riverside.com /home/httpd/html/clientpages/nws/hydromet/navigation TEXT19.SWF
2001.10.15 02:58 B c:\nws_web_modules\hydromet_module\navigation\top_frame.htm --> shenandoah.riverside.com /home/httpd/html/clientpages/nws/hydromet/navigation top_frame.htm
2001.10.15 02:58 B c:\nws_web_modules\hydromet_module\navigation\USAGE.HTM --> shenandoah.riverside.com /home/httpd/html/clientpages/nws/hydromet/navigation USAGE.HTM
2001.10.15 02:58 B c:\nws_web_modules\hydromet_module\navigation\WELCOME.HTM --> shenandoah.riverside.com /home/httpd/html/clientpages/nws/hydromet/navigation WELCOME.HTM
2001.10.15 02:58 B c:\nws_web_modules\hydromet_module\navigation\welcome_frameset.htm --> shenandoah.riverside.com /home/httpd/html/clientpages/nws/hydromet/navigation welcome_frameset.htm
2001.10.15 02:58 B c:\nws_web_modules\hydromet_module\navigation\WS_FTP.LOG --> shenandoah.riverside.com /home/httpd/html/clientpages/nws/hydromet/navigation WS_FTP.LOG
2001.10.15 03:50 B c:\nws_web_modules\hydromet_module\navigation\left_nav_frame.htm --> shenandoah.riverside.com /home/httpd/html/clientpages/nws/hydromet/navigation left_nav_frame.htm
2001.10.15 03:53 B c:\nws_web_modules\hydromet_module\navigation\left_nav_frame.htm --> shenandoah.riverside.com /home/httpd/html/clientpages/nws/hydromet/navigation left_nav_frame.htm
2001.10.18 17:27 B c:\nws_web_modules\hydromet_module\navigation\left_nav_frame.htm --> shenandoah.riverside.com /home/httpd/html/clientpages/nws/hydromet/navigation left_nav_frame.htm
2001.10.18 17:27 B c:\nws_web_modules\hydromet_module\navigation\top_frame.htm --> shenandoah.riverside.com /home/httpd/html/clientpages/nws/hydromet/navigation top_frame.htm
2001.10.18 17:28 B c:\nws_web_modules\hydromet_module\navigation\welcome_frameset.htm --> shenandoah.riverside.com /home/httpd/html/clientpages/nws/hydromet/navigation welcome_frameset.htm
2001.10.18 17:30 B c:\nws_web_modules\hydromet_module\navigation\left_nav_frame.htm --> shenandoah.riverside.com /home/httpd/html/clientpages/nws/hydromet/navigation left_nav_frame.htm
2001.10.18 17:30 B c:\nws_web_modules\hydromet_module\navigation\welcome_frameset.htm --> shenandoah.riverside.com /home/httpd/html/clientpages/nws/hydromet/navigation welcome_frameset.htm
